<?xml version="1.0" encoding="UTF-8"?>
<!-- Generated by org.testng.reporters.JUnitReportReporter -->
<testsuite skipped="0" hostname="DESKTOP-Q2DLNLB" name="Googlesuggesstions.flipkartsuggesstions" tests="1" failures="0" timestamp="07 Mar 2023 07:54:30 GMT" time="0.997" errors="0">
  <testcase name="suggestionsdisplay" time="0.997" classname="Googlesuggesstions.flipkartsuggesstions"/>
</testsuite> <!-- Googlesuggesstions.flipkartsuggesstions -->
