<?xml version="1.0" encoding="UTF-8"?>
<!-- Generated by org.testng.reporters.JUnitReportReporter -->
<testsuite skipped="1" hostname="DESKTOP-Q2DLNLB" name="TestNg.SampleTestNG" tests="4" failures="0" timestamp="19 Feb 2023 13:39:20 GMT" time="0.032" errors="0">
  <testcase name="test2" time="0.013" classname="TestNg.SampleTestNG"/>
  <testcase name="test1" time="0.009" classname="TestNg.SampleTestNG"/>
  <testcase name="test4" time="0.010" classname="TestNg.SampleTestNG"/>
  <testcase name="test3" classname="TestNg.SampleTestNG">
    <skipped/>
  </testcase> <!-- test3 -->
</testsuite> <!-- TestNg.SampleTestNG -->
