<?xml version="1.0" encoding="UTF-8"?>
<!-- Generated by org.testng.reporters.JUnitReportReporter -->
<testsuite skipped="0" hostname="DESKTOP-Q2DLNLB" name="Googlesuggesstions.suggestions" tests="1" failures="0" timestamp="07 Mar 2023 07:53:47 GMT" time="10.727" errors="0">
  <testcase name="suggestionsdisplay" time="10.727" classname="Googlesuggesstions.suggestions"/>
</testsuite> <!-- Googlesuggesstions.suggestions -->
